TN:
SF:src/modules/classrooms/services/CreateClassroomService.ts
FN:19,(anonymous_5)
FN:24,(anonymous_6)
FNF:2
FNH:2
FNDA:3,(anonymous_5)
FNDA:6,(anonymous_6)
DA:1,1
DA:3,1
DA:18,1
DA:21,3
DA:25,6
DA:30,6
DA:31,1
DA:34,5
DA:40,5
DA:44,1
LF:10
LH:10
BRDA:30,0,0,1
BRDA:30,0,1,5
BRF:2
BRH:2
end_of_record
TN:
SF:src/modules/classrooms/services/ListClassroomsService.ts
FN:15,(anonymous_4)
FN:20,(anonymous_5)
FNF:2
FNH:2
FNDA:1,(anonymous_4)
FNDA:1,(anonymous_5)
DA:1,1
DA:14,1
DA:17,1
DA:21,1
DA:23,1
DA:27,1
LF:6
LH:6
BRF:0
BRH:0
end_of_record
TN:
SF:src/modules/users/services/roles/CreateRoleService.ts
FN:17,(anonymous_5)
FN:22,(anonymous_6)
FNF:2
FNH:2
FNDA:2,(anonymous_5)
FNDA:3,(anonymous_6)
DA:1,1
DA:3,1
DA:16,1
DA:19,2
DA:23,3
DA:25,3
DA:27,3
DA:28,1
DA:31,2
DA:35,2
DA:39,1
LF:11
LH:11
BRDA:27,0,0,1
BRDA:27,0,1,2
BRF:2
BRH:2
end_of_record
TN:
SF:src/modules/users/services/roles/DeleteRoleService.ts
FN:14,(anonymous_5)
FN:19,(anonymous_6)
FNF:2
FNH:2
FNDA:2,(anonymous_5)
FNDA:2,(anonymous_6)
DA:1,1
DA:3,1
DA:13,1
DA:16,2
DA:20,2
DA:22,2
DA:23,1
DA:26,1
DA:30,1
LF:9
LH:9
BRDA:22,0,0,1
BRDA:22,0,1,1
BRF:2
BRH:2
end_of_record
TN:
SF:src/modules/users/services/roles/ListRolesService.ts
FN:11,(anonymous_4)
FN:16,(anonymous_5)
FNF:2
FNH:2
FNDA:1,(anonymous_4)
FNDA:1,(anonymous_5)
DA:1,1
DA:10,1
DA:13,1
DA:17,1
DA:18,1
DA:22,1
LF:6
LH:6
BRF:0
BRH:0
end_of_record
TN:
SF:src/modules/users/services/roles/ShowRoleService.ts
FN:17,(anonymous_5)
FN:22,(anonymous_6)
FNF:2
FNH:2
FNDA:2,(anonymous_5)
FNDA:2,(anonymous_6)
DA:1,1
DA:3,1
DA:16,1
DA:19,2
DA:23,2
DA:25,2
DA:26,1
DA:29,1
DA:33,1
LF:9
LH:9
BRDA:25,0,0,1
BRDA:25,0,1,1
BRF:2
BRH:2
end_of_record
TN:
SF:src/modules/users/services/roles/UpdateRoleService.ts
FN:18,(anonymous_5)
FN:23,(anonymous_6)
FNF:2
FNH:2
FNDA:2,(anonymous_5)
FNDA:2,(anonymous_6)
DA:1,1
DA:3,1
DA:17,1
DA:20,2
DA:24,2
DA:26,2
DA:27,1
DA:30,1
DA:32,1
DA:34,1
DA:38,1
LF:11
LH:11
BRDA:26,0,0,1
BRDA:26,0,1,1
BRF:2
BRH:2
end_of_record
TN:
SF:src/modules/users/services/users/AuthenticateUserService.ts
FN:28,(anonymous_5)
FN:35,(anonymous_6)
FNF:2
FNH:2
FNDA:3,(anonymous_5)
FNDA:3,(anonymous_6)
DA:1,1
DA:2,1
DA:4,1
DA:7,1
DA:27,1
DA:30,3
DA:32,3
DA:36,3
DA:38,3
DA:39,1
DA:42,2
DA:47,2
DA:48,1
DA:51,1
DA:54,1
DA:56,1
DA:61,1
DA:65,1
LF:18
LH:18
BRDA:38,0,0,1
BRDA:38,0,1,2
BRDA:47,1,0,1
BRDA:47,1,1,1
BRDA:54,2,0,0
BRDA:54,2,1,1
BRF:6
BRH:5
end_of_record
TN:
SF:src/modules/users/services/users/CreateUserService.ts
FN:24,(anonymous_5)
FN:31,(anonymous_6)
FNF:2
FNH:2
FNDA:2,(anonymous_5)
FNDA:2,(anonymous_6)
DA:1,1
DA:3,1
DA:23,1
DA:26,2
DA:28,2
DA:38,2
DA:40,2
DA:41,1
DA:44,1
DA:46,1
DA:54,1
DA:58,1
LF:12
LH:12
BRDA:40,0,0,1
BRDA:40,0,1,1
BRF:2
BRH:2
end_of_record
TN:
SF:src/modules/users/services/users/DeleteUserService.ts
FN:14,(anonymous_5)
FN:19,(anonymous_6)
FNF:2
FNH:2
FNDA:2,(anonymous_5)
FNDA:2,(anonymous_6)
DA:1,1
DA:3,1
DA:13,1
DA:16,2
DA:20,2
DA:22,2
DA:23,1
DA:26,1
DA:30,1
LF:9
LH:9
BRDA:22,0,0,1
BRDA:22,0,1,1
BRF:2
BRH:2
end_of_record
TN:
SF:src/modules/users/services/users/ListUsersService.ts
FN:15,(anonymous_4)
FN:20,(anonymous_5)
FNF:2
FNH:2
FNDA:1,(anonymous_4)
FNDA:1,(anonymous_5)
DA:1,1
DA:14,1
DA:17,1
DA:21,1
DA:22,1
DA:26,1
LF:6
LH:6
BRF:0
BRH:0
end_of_record
TN:
SF:src/modules/users/services/users/ResetPasswordService.ts
FN:18,(anonymous_5)
FN:25,(anonymous_6)
FNF:2
FNH:2
FNDA:2,(anonymous_5)
FNDA:2,(anonymous_6)
DA:1,1
DA:3,1
DA:17,1
DA:20,2
DA:22,2
DA:26,2
DA:28,2
DA:29,1
DA:32,1
DA:34,1
DA:38,1
LF:11
LH:11
BRDA:28,0,0,1
BRDA:28,0,1,1
BRF:2
BRH:2
end_of_record
TN:
SF:src/modules/users/services/users/ShowProfileService.ts
FN:17,(anonymous_5)
FN:22,(anonymous_6)
FNF:2
FNH:2
FNDA:2,(anonymous_5)
FNDA:2,(anonymous_6)
DA:1,1
DA:3,1
DA:16,1
DA:19,2
DA:23,2
DA:25,2
DA:26,1
DA:29,1
DA:33,1
LF:9
LH:9
BRDA:25,0,0,1
BRDA:25,0,1,1
BRF:2
BRH:2
end_of_record
TN:
SF:src/modules/users/services/users/UpdateProfileService.ts
FN:23,(anonymous_5)
FN:30,(anonymous_6)
FNF:2
FNH:2
FNDA:6,(anonymous_5)
FNDA:6,(anonymous_6)
DA:1,1
DA:3,1
DA:22,1
DA:25,6
DA:27,6
DA:38,6
DA:40,6
DA:41,1
DA:44,5
DA:46,5
DA:47,1
DA:50,4
DA:58,4
DA:59,1
DA:64,3
DA:65,2
DA:70,2
DA:71,1
DA:75,1
DA:78,2
DA:82,1
LF:21
LH:21
BRDA:40,0,0,1
BRDA:40,0,1,5
BRDA:46,1,0,1
BRDA:46,1,1,4
BRDA:46,2,0,5
BRDA:46,2,1,1
BRDA:58,3,0,1
BRDA:58,3,1,3
BRDA:58,4,0,4
BRDA:58,4,1,3
BRDA:64,5,0,2
BRDA:64,5,1,1
BRDA:64,6,0,3
BRDA:64,6,1,2
BRDA:70,7,0,1
BRDA:70,7,1,1
BRF:16
BRH:16
end_of_record
TN:
SF:src/modules/users/services/users/UpdateUserAvatarService.ts
FN:19,(anonymous_5)
FN:26,(anonymous_6)
FNF:2
FNH:2
FNDA:3,(anonymous_5)
FNDA:4,(anonymous_6)
DA:1,1
DA:3,1
DA:18,1
DA:21,3
DA:23,3
DA:27,4
DA:29,4
DA:30,1
DA:34,3
DA:35,1
DA:38,3
DA:40,3
DA:42,3
DA:44,3
DA:48,1
LF:15
LH:15
BRDA:29,0,0,1
BRDA:29,0,1,3
BRDA:34,1,0,1
BRDA:34,1,1,2
BRF:4
BRH:4
end_of_record
TN:
SF:src/modules/users/services/users/UpdateUserService.ts
FN:21,(anonymous_5)
FN:26,(anonymous_6)
FNF:2
FNH:2
FNDA:3,(anonymous_5)
FNDA:3,(anonymous_6)
DA:1,1
DA:3,1
DA:20,1
DA:23,3
DA:33,3
DA:35,3
DA:36,1
DA:39,2
DA:41,2
DA:42,1
DA:45,1
DA:47,1
DA:51,1
LF:13
LH:13
BRDA:35,0,0,1
BRDA:35,0,1,2
BRDA:41,1,0,1
BRDA:41,1,1,1
BRDA:41,2,0,2
BRDA:41,2,1,1
BRF:6
BRH:6
end_of_record
