TN:
SF:src/modules/users/services/roles/CreateRoleService.ts
FN:17,(anonymous_5)
FN:22,(anonymous_6)
FNF:2
FNH:2
FNDA:2,(anonymous_5)
FNDA:3,(anonymous_6)
DA:1,1
DA:3,1
DA:16,1
DA:19,2
DA:23,3
DA:25,3
DA:27,3
DA:28,1
DA:31,2
DA:35,2
DA:39,1
LF:11
LH:11
BRDA:27,0,0,1
BRDA:27,0,1,2
BRF:2
BRH:2
end_of_record
TN:
SF:src/modules/users/services/roles/DeleteRoleService.ts
FN:14,(anonymous_5)
FN:19,(anonymous_6)
FNF:2
FNH:2
FNDA:2,(anonymous_5)
FNDA:2,(anonymous_6)
DA:1,1
DA:3,1
DA:13,1
DA:16,2
DA:20,2
DA:22,2
DA:23,1
DA:26,1
DA:30,1
LF:9
LH:9
BRDA:22,0,0,1
BRDA:22,0,1,1
BRF:2
BRH:2
end_of_record
TN:
SF:src/modules/users/services/roles/ShowAllRolesService.ts
FN:11,(anonymous_4)
FN:16,(anonymous_5)
FNF:2
FNH:2
FNDA:1,(anonymous_4)
FNDA:1,(anonymous_5)
DA:1,1
DA:10,1
DA:13,1
DA:17,1
DA:18,1
DA:22,1
LF:6
LH:6
BRF:0
BRH:0
end_of_record
TN:
SF:src/modules/users/services/roles/ShowRoleService.ts
FN:17,(anonymous_5)
FN:22,(anonymous_6)
FNF:2
FNH:2
FNDA:2,(anonymous_5)
FNDA:2,(anonymous_6)
DA:1,1
DA:3,1
DA:16,1
DA:19,2
DA:23,2
DA:25,2
DA:26,1
DA:29,1
DA:33,1
LF:9
LH:9
BRDA:25,0,0,1
BRDA:25,0,1,1
BRF:2
BRH:2
end_of_record
TN:
SF:src/modules/users/services/users/AuthenticateUserService.ts
FN:28,(anonymous_5)
FN:35,(anonymous_6)
FNF:2
FNH:2
FNDA:3,(anonymous_5)
FNDA:3,(anonymous_6)
DA:1,1
DA:2,1
DA:4,1
DA:7,1
DA:27,1
DA:30,3
DA:32,3
DA:36,3
DA:38,3
DA:39,1
DA:42,2
DA:47,2
DA:48,1
DA:51,1
DA:53,1
DA:55,1
DA:60,1
DA:64,1
LF:18
LH:18
BRDA:38,0,0,1
BRDA:38,0,1,2
BRDA:47,1,0,1
BRDA:47,1,1,1
BRDA:53,2,0,0
BRDA:53,2,1,1
BRF:6
BRH:5
end_of_record
TN:
SF:src/modules/users/services/users/CreateUserService.ts
FN:23,(anonymous_5)
FN:30,(anonymous_6)
FNF:2
FNH:2
FNDA:2,(anonymous_5)
FNDA:2,(anonymous_6)
DA:1,1
DA:3,1
DA:22,1
DA:25,2
DA:27,2
DA:37,2
DA:39,2
DA:40,1
DA:43,1
DA:45,1
DA:53,1
DA:57,1
LF:12
LH:12
BRDA:39,0,0,1
BRDA:39,0,1,1
BRF:2
BRH:2
end_of_record
TN:
SF:src/modules/users/services/users/ShowProfileService.ts
FN:17,(anonymous_5)
FN:22,(anonymous_6)
FNF:2
FNH:2
FNDA:2,(anonymous_5)
FNDA:2,(anonymous_6)
DA:1,1
DA:3,1
DA:16,1
DA:19,2
DA:23,2
DA:25,2
DA:26,1
DA:29,1
DA:33,1
LF:9
LH:9
BRDA:25,0,0,1
BRDA:25,0,1,1
BRF:2
BRH:2
end_of_record
